<?xml version="1.0" encoding="UTF-8"?>
<!-- Generated by org.testng.reporters.JUnitXMLReporter -->
<testsuite hostname="DESKTOP-CN0TONS" ignored="1" name="Default test" tests="2" failures="0" timestamp="2021-11-22T17:41:14 IST" time="63.016" errors="0">
  <testcase name="validateLoginUsingTestNGDataProvider" time="0.009" classname="com.testcases.LoginPageTest"/>
  <testcase name="validateLoginUsingTestNGDataProvider" time="0.002" classname="com.testcases.LoginPageTest"/>
  <testcase name="validateTitleTest" time="0.0" classname="com.testcases.LoginPageTest">
    <ignored/>
  </testcase> <!-- validateTitleTest -->
</testsuite> <!-- Default test -->
